2026-05-29 08:55:48,798 - INFO - ************************************runs:1************************************
2026-05-29 08:56:02,758 - INFO - index:4, epoch:10, loss: 131.062, precision:0.230769, recall:0.473684, F1:0.310345, accuracy:0.600000, SHD:40.00
2026-05-29 08:56:02,758 - INFO - train loss:131.06212615966797
2026-05-29 08:56:02,758 - INFO - threshold:0.04999466799199581
2026-05-29 08:56:02,758 - INFO - ------------Predicted-Raw:------------
2026-05-29 08:56:02,780 - INFO - 
[[0.     0.0499 0.0499 0.05   0.05   0.0499 0.05   0.05   0.0499 0.05  ]
 [0.05   0.     0.0501 0.05   0.05   0.05   0.05   0.05   0.05   0.05  ]
 [0.05   0.0501 0.     0.05   0.05   0.05   0.05   0.05   0.05   0.05  ]
 [0.0499 0.0499 0.0499 0.     0.05   0.0499 0.0499 0.0499 0.0499 0.0499]
 [0.0499 0.0499 0.0499 0.05   0.     0.0499 0.0499 0.0499 0.0499 0.0499]
 [0.05   0.05   0.05   0.05   0.05   0.     0.05   0.05   0.05   0.0501]
 [0.05   0.05   0.05   0.05   0.05   0.05   0.     0.05   0.05   0.05  ]
 [0.0499 0.05   0.0499 0.0499 0.0499 0.0499 0.0499 0.     0.05   0.0499]
 [0.05   0.05   0.05   0.05   0.05   0.05   0.05   0.0501 0.     0.05  ]
 [0.05   0.05   0.05   0.05   0.05   0.0501 0.0501 0.05   0.05   0.    ]]
2026-05-29 08:56:02,783 - INFO - ------------Predicted:------------
2026-05-29 08:56:02,783 - INFO - 
[[0 0 0 0 0 0 0 0 0 0]
 [1 0 1 0 0 0 0 1 1 0]
 [1 1 0 1 1 1 1 1 1 1]
 [0 0 0 0 0 0 0 0 0 0]
 [0 0 0 0 0 0 0 0 0 0]
 [1 1 1 1 1 0 1 1 1 1]
 [1 0 1 1 1 0 0 0 0 1]
 [0 0 0 0 0 0 0 0 1 0]
 [0 0 0 0 0 1 0 1 0 0]
 [1 1 1 1 1 1 1 1 1 0]]
2026-05-29 08:56:02,783 - INFO - ----------Ground Truth:-----------
2026-05-29 08:56:02,786 - INFO - 
[[0 0 0 1 0 1 0 1 0 0]
 [0 0 1 0 0 0 0 0 0 0]
 [0 1 0 0 0 0 0 0 0 0]
 [0 1 0 0 1 0 1 0 1 0]
 [0 0 0 1 0 1 0 0 0 0]
 [0 0 0 0 0 0 0 0 0 1]
 [0 0 1 0 0 0 0 0 0 1]
 [0 1 0 0 0 0 0 0 1 0]
 [0 0 0 0 0 1 0 1 0 0]
 [0 0 0 0 0 1 0 0 0 0]]
2026-05-29 08:56:08,320 - INFO - index:4, epoch:20, loss: 130.993, precision:0.243243, recall:0.473684, F1:0.321429, accuracy:0.620000, SHD:38.00
2026-05-29 08:56:08,320 - INFO - train loss:130.99266052246094
2026-05-29 08:56:08,322 - INFO - threshold:0.049983659759163857
2026-05-29 08:56:08,322 - INFO - ------------Predicted-Raw:------------
2026-05-29 08:56:08,322 - INFO - 
[[0.     0.0499 0.0499 0.0499 0.0499 0.0499 0.0499 0.0499 0.0499 0.0499]
 [0.05   0.     0.0501 0.05   0.05   0.05   0.05   0.05   0.05   0.05  ]
 [0.05   0.0501 0.     0.05   0.05   0.05   0.05   0.05   0.05   0.05  ]
 [0.0499 0.0499 0.0499 0.     0.05   0.0499 0.0499 0.0499 0.0499 0.0499]
 [0.0499 0.0499 0.0499 0.05   0.     0.0499 0.0499 0.0498 0.0499 0.0499]
 [0.05   0.05   0.05   0.05   0.05   0.     0.05   0.05   0.05   0.0501]
 [0.05   0.05   0.05   0.05   0.05   0.05   0.     0.0499 0.0499 0.05  ]
 [0.0499 0.05   0.0499 0.0499 0.0499 0.0499 0.0499 0.     0.05   0.0499]
 [0.0499 0.05   0.0499 0.05   0.0499 0.05   0.0499 0.0501 0.     0.05  ]
 [0.05   0.05   0.05   0.05   0.05   0.0501 0.05   0.05   0.05   0.    ]]
2026-05-29 08:56:08,324 - INFO - ------------Predicted:------------
2026-05-29 08:56:08,325 - INFO - 
[[0 0 0 0 0 0 0 0 0 0]
 [0 0 1 0 0 1 1 1 1 0]
 [1 1 0 1 1 1 1 1 1 1]
 [0 0 0 0 0 0 0 0 0 0]
 [0 0 0 0 0 0 0 0 0 0]
 [1 1 1 1 1 0 1 1 1 1]
 [0 0 1 0 1 0 0 0 0 1]
 [0 0 0 0 0 0 0 0 1 0]
 [0 0 0 0 0 1 0 1 0 0]
 [1 1 1 1 1 1 1 0 1 0]]
2026-05-29 08:56:08,325 - INFO - ----------Ground Truth:-----------
2026-05-29 08:56:08,325 - INFO - 
[[0 0 0 1 0 1 0 1 0 0]
 [0 0 1 0 0 0 0 0 0 0]
 [0 1 0 0 0 0 0 0 0 0]
 [0 1 0 0 1 0 1 0 1 0]
 [0 0 0 1 0 1 0 0 0 0]
 [0 0 0 0 0 0 0 0 0 1]
 [0 0 1 0 0 0 0 0 0 1]
 [0 1 0 0 0 0 0 0 1 0]
 [0 0 0 0 0 1 0 1 0 0]
 [0 0 0 0 0 1 0 0 0 0]]
2026-05-29 08:56:14,740 - INFO - index:4, epoch:30, loss: 130.902, precision:0.227273, recall:0.526316, F1:0.317460, accuracy:0.570000, SHD:43.00
2026-05-29 08:56:14,740 - INFO - train loss:130.90225982666016
2026-05-29 08:56:14,740 - INFO - threshold:0.04994063451886177
2026-05-29 08:56:14,740 - INFO - ------------Predicted-Raw:------------
2026-05-29 08:56:14,748 - INFO - 
[[0.     0.0498 0.0498 0.0498 0.0498 0.0498 0.0498 0.0498 0.0498 0.0498]
 [0.05   0.     0.0501 0.05   0.05   0.05   0.05   0.05   0.05   0.05  ]
 [0.05   0.0501 0.     0.05   0.0499 0.05   0.05   0.05   0.0499 0.05  ]
 [0.0499 0.0499 0.0499 0.     0.05   0.0499 0.0499 0.0498 0.0499 0.0499]
 [0.0498 0.0498 0.0498 0.05   0.     0.0499 0.0499 0.0498 0.0498 0.0499]
 [0.05   0.05   0.05   0.05   0.05   0.     0.05   0.05   0.05   0.0501]
 [0.0499 0.0499 0.05   0.0499 0.05   0.0499 0.     0.0498 0.0499 0.05  ]
 [0.0499 0.0499 0.0499 0.0498 0.0498 0.0499 0.0498 0.     0.05   0.0498]
 [0.0499 0.0499 0.0499 0.0499 0.0499 0.0499 0.0499 0.0501 0.     0.0499]
 [0.05   0.05   0.05   0.05   0.05   0.0501 0.05   0.0499 0.05   0.    ]]
2026-05-29 08:56:14,748 - INFO - ------------Predicted:------------
2026-05-29 08:56:14,748 - INFO - 
[[0 0 0 0 0 0 0 0 0 0]
 [1 0 1 1 1 1 1 1 1 1]
 [1 1 0 1 1 1 1 1 1 1]
 [0 0 0 0 1 0 0 0 0 0]
 [0 0 0 1 0 0 0 0 0 0]
 [1 1 1 1 1 0 1 1 1 1]
 [0 0 1 0 1 0 0 0 0 1]
 [0 0 0 0 0 0 0 0 1 0]
 [0 1 0 0 0 0 0 1 0 0]
 [1 1 1 1 1 1 1 1 1 0]]
2026-05-29 08:56:14,748 - INFO - ----------Ground Truth:-----------
2026-05-29 08:56:14,748 - INFO - 
[[0 0 0 1 0 1 0 1 0 0]
 [0 0 1 0 0 0 0 0 0 0]
 [0 1 0 0 0 0 0 0 0 0]
 [0 1 0 0 1 0 1 0 1 0]
 [0 0 0 1 0 1 0 0 0 0]
 [0 0 0 0 0 0 0 0 0 1]
 [0 0 1 0 0 0 0 0 0 1]
 [0 1 0 0 0 0 0 0 1 0]
 [0 0 0 0 0 1 0 1 0 0]
 [0 0 0 0 0 1 0 0 0 0]]
2026-05-29 08:56:19,623 - INFO - index:4, epoch:40, loss: 130.746, precision:0.275000, recall:0.578947, F1:0.372881, accuracy:0.630000, SHD:37.00
2026-05-29 08:56:19,623 - INFO - train loss:130.7457275390625
2026-05-29 08:56:19,623 - INFO - threshold:0.04990244284272194
2026-05-29 08:56:19,623 - INFO - ------------Predicted-Raw:------------
2026-05-29 08:56:19,626 - INFO - 
[[0.     0.0497 0.0497 0.0497 0.0497 0.0497 0.0497 0.0498 0.0497 0.0497]
 [0.0499 0.     0.0501 0.0499 0.0499 0.0499 0.0499 0.05   0.05   0.0499]
 [0.0499 0.0501 0.     0.0499 0.0499 0.0499 0.05   0.0499 0.0499 0.0499]
 [0.0498 0.0498 0.0498 0.     0.05   0.0498 0.0498 0.0497 0.0498 0.0498]
 [0.0498 0.0497 0.0498 0.05   0.     0.0498 0.0498 0.0497 0.0497 0.0498]
 [0.0499 0.0499 0.0499 0.05   0.05   0.     0.0499 0.05   0.05   0.0501]
 [0.0499 0.0498 0.0499 0.0499 0.0499 0.0498 0.     0.0498 0.0498 0.0499]
 [0.0499 0.0499 0.0498 0.0497 0.0497 0.0498 0.0497 0.     0.05   0.0498]
 [0.0498 0.0499 0.0499 0.0499 0.0498 0.0499 0.0498 0.0501 0.     0.0499]
 [0.0499 0.0499 0.0499 0.0499 0.0499 0.0501 0.05   0.0499 0.0499 0.    ]]
2026-05-29 08:56:19,626 - INFO - ------------Predicted:------------
2026-05-29 08:56:19,626 - INFO - 
[[0 0 0 0 0 0 0 0 0 0]
 [1 0 1 1 0 1 1 1 1 0]
 [1 1 0 0 1 0 1 1 0 1]
 [0 0 0 0 1 0 0 0 0 0]
 [0 0 0 1 0 0 0 0 0 0]
 [1 1 1 1 1 0 1 1 1 1]
 [0 0 1 1 1 0 0 0 0 1]
 [0 0 0 0 0 0 0 0 1 0]
 [0 1 0 0 0 1 0 1 0 0]
 [1 0 1 1 1 1 1 1 1 0]]
2026-05-29 08:56:19,626 - INFO - ----------Ground Truth:-----------
2026-05-29 08:56:19,626 - INFO - 
[[0 0 0 1 0 1 0 1 0 0]
 [0 0 1 0 0 0 0 0 0 0]
 [0 1 0 0 0 0 0 0 0 0]
 [0 1 0 0 1 0 1 0 1 0]
 [0 0 0 1 0 1 0 0 0 0]
 [0 0 0 0 0 0 0 0 0 1]
 [0 0 1 0 0 0 0 0 0 1]
 [0 1 0 0 0 0 0 0 1 0]
 [0 0 0 0 0 1 0 1 0 0]
 [0 0 0 0 0 1 0 0 0 0]]
